2019-12-10 18:42:31,905 INFO  domparser.main.Parser - finished reading from properties file
2019-12-10 18:42:31,994 INFO  domparser.utilities.XmlReader - document id accounting entity ,location , lid , variation id
2019-12-10 18:42:31,996 INFO  domparser.utilities.XmlReader - alternate document id
2019-12-10 18:42:31,997 INFO  domparser.utilities.XmlReader - display id
2019-12-10 18:42:31,997 INFO  domparser.utilities.XmlReader - LastModificationDateTime
2019-12-10 18:42:31,997 INFO  domparser.utilities.XmlReader - LastModificationPersonName , LastModificationPersonID
2019-12-10 18:42:31,997 INFO  domparser.utilities.XmlReader - DocumentDateTime
2019-12-10 18:42:31,997 INFO  domparser.utilities.XmlReader - status
2019-12-10 18:42:31,998 INFO  domparser.utilities.XmlReader - CustomerParty
2019-12-10 18:42:32,000 INFO  domparser.utilities.XmlReader - supplier party
2019-12-10 18:42:32,001 INFO  domparser.utilities.XmlReader - ship to party
2019-12-10 18:42:32,002 INFO  domparser.utilities.XmlReader - ship from party header
2019-12-10 18:42:32,003 INFO  domparser.utilities.XmlReader - extended amount
2019-12-10 18:42:32,003 INFO  domparser.utilities.XmlReader - extended base amount
2019-12-10 18:42:32,003 INFO  domparser.utilities.XmlReader - ExtendedReportAmount
2019-12-10 18:42:32,004 INFO  domparser.utilities.XmlReader - CanceledAmount
2019-12-10 18:42:32,004 INFO  domparser.utilities.XmlReader - CanceledBaseAmount
2019-12-10 18:42:32,004 INFO  domparser.utilities.XmlReader - CanceledReportingAmount
2019-12-10 18:42:32,004 INFO  domparser.utilities.XmlReader - payment term
2019-12-10 18:42:32,005 INFO  domparser.utilities.XmlReader - order date time
2019-12-10 18:42:32,005 INFO  domparser.utilities.XmlReader - UserArea
2019-12-10 18:42:32,006 INFO  domparser.utilities.XmlReader - classification code
2019-12-10 18:42:32,007 INFO  domparser.utilities.XmlReader - DocumentUsageCode
2019-12-10 18:42:32,007 INFO  domparser.utilities.XmlReader - BaseCurrencyAmount
2019-12-10 18:42:32,008 INFO  domparser.utilities.XmlReader - inserting header
2019-12-10 18:42:34,501 INFO  domparser.utilities.XmlReader - inserting status
2019-12-10 18:42:34,535 INFO  domparser.utilities.XmlReader - inserting locations
2019-12-10 18:42:34,708 INFO  domparser.utilities.XmlReader - inserting codes
2019-12-10 18:42:34,760 INFO  domparser.utilities.XmlReader -  calling line method to insert lines
